<?xml version="1.0" encoding="UTF-8"?>
<!-- Generated by org.testng.reporters.JUnitReportReporter -->
<testsuite hostname="DESKTOP-15R3KD4" failures="0" tests="4" name="MyTestCasesDataBase" time="2.839" errors="0" timestamp="2024-06-25T21:10:06 EET" skipped="0">
  <testcase classname="MyTestCasesDataBase" name="addData" time="0.014"/>
  <system-out/>
  <testcase classname="MyTestCasesDataBase" name="updateData" time="0.003"/>
  <system-out/>
  <testcase classname="MyTestCasesDataBase" name="getData" time="2.814"/>
  <system-out/>
  <testcase classname="MyTestCasesDataBase" name="DeleteData" time="0.008"/>
  <system-out/>
</testsuite> <!-- MyTestCasesDataBase -->
